  pch.cpp
  AssemblyInfo.cpp
  libpeconvW.cpp
D:\Codes\C++\shellcodeloader2\libpeconvW\libpeconvW.cpp(134,27): warning C4267: “初始化”: 从“size_t”转换到“DWORD”，可能丢失数据
  buffer_util.cpp
  caves.cpp
  delayed_imports_loader.cpp
  exported_func.cpp
  exports_lookup.cpp
  exports_mapper.cpp
  file_util.cpp
D:\Codes\C++\shellcodeloader2\libpeconvW\src\file_util.cpp(85,8): warning C4267: “参数”: 从“size_t”转换到“DWORD”，可能丢失数据
  find_base.cpp
  fix_dot_net_ep.cpp
  fix_imports.cpp
  function_resolver.cpp
  hooks.cpp
  imports_loader.cpp
  imports_uneraser.cpp
  load_config_util.cpp
  peb_lookup.cpp
  pe_dumper.cpp
  pe_hdrs_helper.cpp
  正在生成代码...
D:\Codes\C++\shellcodeloader2\libpeconvW\src\peb_lookup.cpp(44): warning C4793: “get_peb”: 编译为本机的函数:
  	托管代码中发现一个不受支持的内部函数
  正在编译...
  pe_loader.cpp
  pe_mode_detector.cpp
  pe_raw_to_virtual.cpp
  pe_virtual_to_raw.cpp
  relocate.cpp
  remote_pe_reader.cpp
  resource_parser.cpp
  resource_util.cpp
  util.cpp
  .NETFramework,Version=v4.6.2.AssemblyAttributes.cpp
  正在生成代码...
  AssemblyInfo.obj : 遇到了 MSIL 模块；对 MSIL 禁用了增量链接；正在执行完全链接
libpeconvW.obj : error LNK2028: 无法解析的标记(0A0005E7) "extern "C" int __cdecl MessageBoxW(struct HWND__ *,wchar_t const *,wchar_t const *,unsigned int)" (?MessageBoxW@@$$J0YAHPEAUHWND__@@PEB_W1I@Z)，该标记在函数 "extern "C" int __cdecl MessageBox(struct HWND__ *,wchar_t const *,wchar_t const *,unsigned int)" (?MessageBox@@$$J0YAHPEAUHWND__@@PEB_W1I@Z) 中被引用
libpeconvW.obj : error LNK2019: 无法解析的外部符号 "extern "C" int __cdecl MessageBoxW(struct HWND__ *,wchar_t const *,wchar_t const *,unsigned int)" (?MessageBoxW@@$$J0YAHPEAUHWND__@@PEB_W1I@Z)，函数 "extern "C" int __cdecl MessageBox(struct HWND__ *,wchar_t const *,wchar_t const *,unsigned int)" (?MessageBox@@$$J0YAHPEAUHWND__@@PEB_W1I@Z) 中引用了该符号
D:\Codes\C++\shellcodeloader2\x64\Release\libpeconvW.dll : fatal error LNK1120: 2 个无法解析的外部命令
