d:\codes\c++\shellcodeloader2\libpeconvw\release\libpeconvw.pch
d:\codes\c++\shellcodeloader2\libpeconvw\release\vc142.pdb
d:\codes\c++\shellcodeloader2\libpeconvw\release\pch.obj
d:\codes\c++\shellcodeloader2\libpeconvw\release\pe_hdrs_helper.obj
d:\codes\c++\shellcodeloader2\libpeconvw\release\pe_dumper.obj
d:\codes\c++\shellcodeloader2\libpeconvw\release\peb_lookup.obj
d:\codes\c++\shellcodeloader2\libpeconvw\release\load_config_util.obj
d:\codes\c++\shellcodeloader2\libpeconvw\release\imports_uneraser.obj
d:\codes\c++\shellcodeloader2\libpeconvw\release\imports_loader.obj
d:\codes\c++\shellcodeloader2\libpeconvw\release\hooks.obj
d:\codes\c++\shellcodeloader2\libpeconvw\release\function_resolver.obj
d:\codes\c++\shellcodeloader2\libpeconvw\release\fix_imports.obj
d:\codes\c++\shellcodeloader2\libpeconvw\release\fix_dot_net_ep.obj
d:\codes\c++\shellcodeloader2\libpeconvw\release\find_base.obj
d:\codes\c++\shellcodeloader2\libpeconvw\release\file_util.obj
d:\codes\c++\shellcodeloader2\libpeconvw\release\exports_mapper.obj
d:\codes\c++\shellcodeloader2\libpeconvw\release\exports_lookup.obj
d:\codes\c++\shellcodeloader2\libpeconvw\release\exported_func.obj
d:\codes\c++\shellcodeloader2\libpeconvw\release\delayed_imports_loader.obj
d:\codes\c++\shellcodeloader2\libpeconvw\release\caves.obj
d:\codes\c++\shellcodeloader2\libpeconvw\release\buffer_util.obj
d:\codes\c++\shellcodeloader2\libpeconvw\release\libpeconvw.obj
d:\codes\c++\shellcodeloader2\libpeconvw\release\assemblyinfo.obj
d:\codes\c++\shellcodeloader2\libpeconvw\release\.netframework,version=v4.6.2.assemblyattributes.obj
d:\codes\c++\shellcodeloader2\libpeconvw\release\util.obj
d:\codes\c++\shellcodeloader2\libpeconvw\release\resource_util.obj
d:\codes\c++\shellcodeloader2\libpeconvw\release\resource_parser.obj
d:\codes\c++\shellcodeloader2\libpeconvw\release\remote_pe_reader.obj
d:\codes\c++\shellcodeloader2\libpeconvw\release\relocate.obj
d:\codes\c++\shellcodeloader2\libpeconvw\release\pe_virtual_to_raw.obj
d:\codes\c++\shellcodeloader2\libpeconvw\release\pe_raw_to_virtual.obj
d:\codes\c++\shellcodeloader2\libpeconvw\release\pe_mode_detector.obj
d:\codes\c++\shellcodeloader2\libpeconvw\release\pe_loader.obj
d:\codes\c++\shellcodeloader2\libpeconvw\release\app.res
d:\codes\c++\shellcodeloader2\release\libpeconvw.pdb
d:\codes\c++\shellcodeloader2\libpeconvw\release\libpeconvw.tlog\cl.command.1.tlog
d:\codes\c++\shellcodeloader2\libpeconvw\release\libpeconvw.tlog\cl.read.1.tlog
d:\codes\c++\shellcodeloader2\libpeconvw\release\libpeconvw.tlog\cl.write.1.tlog
d:\codes\c++\shellcodeloader2\libpeconvw\release\libpeconvw.tlog\link.17104-cvtres.read.1.tlog
d:\codes\c++\shellcodeloader2\libpeconvw\release\libpeconvw.tlog\link.17104-cvtres.write.1.tlog
d:\codes\c++\shellcodeloader2\libpeconvw\release\libpeconvw.tlog\link.17104-rc.read.1.tlog
d:\codes\c++\shellcodeloader2\libpeconvw\release\libpeconvw.tlog\link.17104-rc.write.1.tlog
d:\codes\c++\shellcodeloader2\libpeconvw\release\libpeconvw.tlog\link.17104.read.1.tlog
d:\codes\c++\shellcodeloader2\libpeconvw\release\libpeconvw.tlog\link.17104.write.1.tlog
d:\codes\c++\shellcodeloader2\libpeconvw\release\libpeconvw.tlog\link.command.1.tlog
d:\codes\c++\shellcodeloader2\libpeconvw\release\libpeconvw.tlog\link.read.1.tlog
d:\codes\c++\shellcodeloader2\libpeconvw\release\libpeconvw.tlog\link.write.1.tlog
d:\codes\c++\shellcodeloader2\libpeconvw\release\libpeconvw.tlog\metagen.read.1.tlog
d:\codes\c++\shellcodeloader2\libpeconvw\release\libpeconvw.tlog\metagen.write.1.tlog
d:\codes\c++\shellcodeloader2\libpeconvw\release\libpeconvw.tlog\rc.command.1.tlog
d:\codes\c++\shellcodeloader2\libpeconvw\release\libpeconvw.tlog\rc.read.1.tlog
d:\codes\c++\shellcodeloader2\libpeconvw\release\libpeconvw.tlog\rc.write.1.tlog
